{"name": "test_google_shopping_rating[harry potter-4000-4.0]", "status": "broken", "statusDetails": {"message": "selenium.common.exceptions.TimeoutException: Message:", "trace": "test_google_shopping.py:30: in test_google_shopping_rating\n    rating = shopping_page.get_second_product_rating()\n../pages/shopping_results_page.py:87: in get_second_product_rating\n    products = self.find_all(*self.product_cards)\n../pages/base_page.py:16: in find_all\n    return self.wait.until(EC.presence_of_all_elements_located((by, value)))\n../virtualenv/lib/python3.12/site-packages/selenium/webdriver/support/wait.py:105: in until\n    raise TimeoutException(message, screen, stacktrace)\nE   selenium.common.exceptions.TimeoutException: Message:"}, "steps": [{"name": "Navigate to Google, type the book's name and search for the book", "status": "passed", "start": 1754583755485, "stop": 1754583766141}, {"name": "Click on shopping, sort results high to low and apply price filter", "status": "passed", "start": 1754583766141, "stop": 1754583771296}, {"name": "Verify second rated product meets minimum rating", "status": "broken", "statusDetails": {"message": "selenium.common.exceptions.TimeoutException: Message: \n\n", "trace": "  File \"/Users/shayngmbp13/Desktop/Stuff/SwapCard_SDET_Automation_Test/tests/test_google_shopping.py\", line 30, in test_google_shopping_rating\n    rating = shopping_page.get_second_product_rating()\n             ^^^^^^^^^^^^^^^^^^^^^^^^^^^^^^^^^^^^^^^^^\n  File \"/Users/shayngmbp13/Desktop/Stuff/SwapCard_SDET_Automation_Test/pages/shopping_results_page.py\", line 87, in get_second_product_rating\n    products = self.find_all(*self.product_cards)\n               ^^^^^^^^^^^^^^^^^^^^^^^^^^^^^^^^^^\n  File \"/Users/shayngmbp13/Desktop/Stuff/SwapCard_SDET_Automation_Test/pages/base_page.py\", line 16, in find_all\n    return self.wait.until(EC.presence_of_all_elements_located((by, value)))\n           ^^^^^^^^^^^^^^^^^^^^^^^^^^^^^^^^^^^^^^^^^^^^^^^^^^^^^^^^^^^^^^^^^\n  File \"/Users/shayngmbp13/Desktop/Stuff/SwapCard_SDET_Automation_Test/virtualenv/lib/python3.12/site-packages/selenium/webdriver/support/wait.py\", line 105, in until\n    raise TimeoutException(message, screen, stacktrace)\n"}, "start": 1754583771296, "stop": 1754583786261}], "parameters": [{"name": "book_name", "value": "'harry potter'"}, {"name": "max_price", "value": "4000"}, {"name": "min_rating", "value": "4.0"}], "start": 1754583755484, "stop": 1754583786276, "uuid": "65c95255-53ec-406a-8e99-96d41bb9627a", "historyId": "55670f95a87125d283d36ded25c007f9", "testCaseId": "03078e93cff9f30193bac949ebfbc1a4", "fullName": "tests.test_google_shopping#test_google_shopping_rating", "labels": [{"name": "story", "value": "Verify second product rating is above threshold"}, {"name": "feature", "value": "Google Shopping Test"}, {"name": "parentSuite", "value": "tests"}, {"name": "suite", "value": "test_google_shopping"}, {"name": "host", "value": "Shays-MacBook-Pro-13.local"}, {"name": "thread", "value": "46748-MainThread"}, {"name": "framework", "value": "pytest"}, {"name": "language", "value": "cpython3"}, {"name": "package", "value": "tests.test_google_shopping"}]}