{"name": "test_google_shopping_rating[harry potter-4000-4.0]", "status": "broken", "statusDetails": {"message": "selenium.common.exceptions.StaleElementReferenceException: Message: stale element reference: stale element not found\n  (Session info: chrome=139.0.7258.67); For documentation on this error, please visit: https://www.selenium.dev/documentation/webdriver/troubleshooting/errors#stale-element-reference-exception\nStacktrace:\n0   chromedriver                        0x0000000102de3274 cxxbridge1$str$ptr + 2741972\n1   chromedriver                        0x0000000102ddb1e4 cxxbridge1$str$ptr + 2709060\n2   chromedriver                        0x00000001029254fc cxxbridge1$string$len + 90520\n3   chromedriver                        0x0000000102935f34 cxxbridge1$string$len + 158672\n4   chromedriver                        0x0000000102935010 cxxbridge1$string$len + 154796\n5   chromedriver                        0x000000010292ba84 cxxbridge1$string$len + 116512\n6   chromedriver                        0x000000010292a26c cxxbridge1$string$len + 110344\n7   chromedriver                        0x000000010292d4f8 cxxbridge1$string$len + 123284\n8   chromedriver                        0x000000010292d5a0 cxxbridge1$string$len + 123452\n9   chromedriver                        0x000000010296d618 cxxbridge1$string$len + 385716\n10  chromedriver                        0x000000010296d69c cxxbridge1$string$len + 385848\n11  chromedriver                        0x0000000102965464 cxxbridge1$string$len + 352512\n12  chromedriver                        0x00000001029622e0 cxxbridge1$string$len + 339836\n13  chromedriver                        0x00000001029addb8 cxxbridge1$string$len + 649812\n14  chromedriver                        0x0000000102960d30 cxxbridge1$string$len + 334284\n15  chromedriver                        0x0000000102da6674 cxxbridge1$str$ptr + 2493140\n16  chromedriver                        0x0000000102da98a8 cxxbridge1$str$ptr + 2505992\n17  chromedriver                        0x0000000102d874ac cxxbridge1$str$ptr + 2365708\n18  chromedriver                        0x0000000102daa164 cxxbridge1$str$ptr + 2508228\n19  chromedriver                        0x0000000102d785a4 cxxbridge1$str$ptr + 2304516\n20  chromedriver                        0x0000000102dc9c80 cxxbridge1$str$ptr + 2638048\n21  chromedriver                        0x0000000102dc9e0c cxxbridge1$str$ptr + 2638444\n22  chromedriver                        0x0000000102ddae30 cxxbridge1$str$ptr + 2708112\n23  libsystem_pthread.dylib             0x0000000195637fa8 _pthread_start + 148\n24  libsystem_pthread.dylib             0x0000000195632da0 thread_start + 8", "trace": "test_google_shopping.py:16: in test_google_shopping_rating\n    search_page.search_for_book(book_name)\n../pages/landing_page.py:20: in search_for_book\n    self.type_slowly(*self.textbox_search, f\"book {book_name}\")\n../pages/landing_page.py:30: in type_slowly\n    el.send_keys(char)\n../virtualenv/lib/python3.12/site-packages/selenium/webdriver/remote/webelement.py:231: in send_keys\n    self._execute(\n../virtualenv/lib/python3.12/site-packages/selenium/webdriver/remote/webelement.py:395: in _execute\n    return self._parent.execute(command, params)\n../virtualenv/lib/python3.12/site-packages/selenium/webdriver/remote/webdriver.py:347: in execute\n    self.error_handler.check_response(response)\n../virtualenv/lib/python3.12/site-packages/selenium/webdriver/remote/errorhandler.py:229: in check_response\n    raise exception_class(message, screen, stacktrace)\nE   selenium.common.exceptions.StaleElementReferenceException: Message: stale element reference: stale element not found\nE     (Session info: chrome=139.0.7258.67); For documentation on this error, please visit: https://www.selenium.dev/documentation/webdriver/troubleshooting/errors#stale-element-reference-exception\nE   Stacktrace:\nE   0   chromedriver                        0x0000000102de3274 cxxbridge1$str$ptr + 2741972\nE   1   chromedriver                        0x0000000102ddb1e4 cxxbridge1$str$ptr + 2709060\nE   2   chromedriver                        0x00000001029254fc cxxbridge1$string$len + 90520\nE   3   chromedriver                        0x0000000102935f34 cxxbridge1$string$len + 158672\nE   4   chromedriver                        0x0000000102935010 cxxbridge1$string$len + 154796\nE   5   chromedriver                        0x000000010292ba84 cxxbridge1$string$len + 116512\nE   6   chromedriver                        0x000000010292a26c cxxbridge1$string$len + 110344\nE   7   chromedriver                        0x000000010292d4f8 cxxbridge1$string$len + 123284\nE   8   chromedriver                        0x000000010292d5a0 cxxbridge1$string$len + 123452\nE   9   chromedriver                        0x000000010296d618 cxxbridge1$string$len + 385716\nE   10  chromedriver                        0x000000010296d69c cxxbridge1$string$len + 385848\nE   11  chromedriver                        0x0000000102965464 cxxbridge1$string$len + 352512\nE   12  chromedriver                        0x00000001029622e0 cxxbridge1$string$len + 339836\nE   13  chromedriver                        0x00000001029addb8 cxxbridge1$string$len + 649812\nE   14  chromedriver                        0x0000000102960d30 cxxbridge1$string$len + 334284\nE   15  chromedriver                        0x0000000102da6674 cxxbridge1$str$ptr + 2493140\nE   16  chromedriver                        0x0000000102da98a8 cxxbridge1$str$ptr + 2505992\nE   17  chromedriver                        0x0000000102d874ac cxxbridge1$str$ptr + 2365708\nE   18  chromedriver                        0x0000000102daa164 cxxbridge1$str$ptr + 2508228\nE   19  chromedriver                        0x0000000102d785a4 cxxbridge1$str$ptr + 2304516\nE   20  chromedriver                        0x0000000102dc9c80 cxxbridge1$str$ptr + 2638048\nE   21  chromedriver                        0x0000000102dc9e0c cxxbridge1$str$ptr + 2638444\nE   22  chromedriver                        0x0000000102ddae30 cxxbridge1$str$ptr + 2708112\nE   23  libsystem_pthread.dylib             0x0000000195637fa8 _pthread_start + 148\nE   24  libsystem_pthread.dylib             0x0000000195632da0 thread_start + 8"}, "steps": [{"name": "Navigate to Google, type the book's name and search for the book", "status": "broken", "statusDetails": {"message": "selenium.common.exceptions.StaleElementReferenceException: Message: stale element reference: stale element not found\n  (Session info: chrome=139.0.7258.67); For documentation on this error, please visit: https://www.selenium.dev/documentation/webdriver/troubleshooting/errors#stale-element-reference-exception\nStacktrace:\n0   chromedriver                        0x0000000102de3274 cxxbridge1$str$ptr + 2741972\n1   chromedriver                        0x0000000102ddb1e4 cxxbridge1$str$ptr + 2709060\n2   chromedriver                        0x00000001029254fc cxxbridge1$string$len + 90520\n3   chromedriver                        0x0000000102935f34 cxxbridge1$string$len + 158672\n4   chromedriver                        0x0000000102935010 cxxbridge1$string$len + 154796\n5   chromedriver                        0x000000010292ba84 cxxbridge1$string$len + 116512\n6   chromedriver                        0x000000010292a26c cxxbridge1$string$len + 110344\n7   chromedriver                        0x000000010292d4f8 cxxbridge1$string$len + 123284\n8   chromedriver                        0x000000010292d5a0 cxxbridge1$string$len + 123452\n9   chromedriver                        0x000000010296d618 cxxbridge1$string$len + 385716\n10  chromedriver                        0x000000010296d69c cxxbridge1$string$len + 385848\n11  chromedriver                        0x0000000102965464 cxxbridge1$string$len + 352512\n12  chromedriver                        0x00000001029622e0 cxxbridge1$string$len + 339836\n13  chromedriver                        0x00000001029addb8 cxxbridge1$string$len + 649812\n14  chromedriver                        0x0000000102960d30 cxxbridge1$string$len + 334284\n15  chromedriver                        0x0000000102da6674 cxxbridge1$str$ptr + 2493140\n16  chromedriver                        0x0000000102da98a8 cxxbridge1$str$ptr + 2505992\n17  chromedriver                        0x0000000102d874ac cxxbridge1$str$ptr + 2365708\n18  chromedriver                        0x0000000102daa164 cxxbridge1$str$ptr + 2508228\n19  chromedriver                        0x0000000102d785a4 cxxbridge1$str$ptr + 2304516\n20  chromedriver                        0x0000000102dc9c80 cxxbridge1$str$ptr + 2638048\n21  chromedriver                        0x0000000102dc9e0c cxxbridge1$str$ptr + 2638444\n22  chromedriver                        0x0000000102ddae30 cxxbridge1$str$ptr + 2708112\n23  libsystem_pthread.dylib             0x0000000195637fa8 _pthread_start + 148\n24  libsystem_pthread.dylib             0x0000000195632da0 thread_start + 8\n\n", "trace": "  File \"/Users/shayngmbp13/Desktop/Stuff/SwapCard_SDET_Automation_Test/tests/test_google_shopping.py\", line 16, in test_google_shopping_rating\n    search_page.search_for_book(book_name)\n  File \"/Users/shayngmbp13/Desktop/Stuff/SwapCard_SDET_Automation_Test/pages/landing_page.py\", line 20, in search_for_book\n    self.type_slowly(*self.textbox_search, f\"book {book_name}\")\n  File \"/Users/shayngmbp13/Desktop/Stuff/SwapCard_SDET_Automation_Test/pages/landing_page.py\", line 30, in type_slowly\n    el.send_keys(char)\n  File \"/Users/shayngmbp13/Desktop/Stuff/SwapCard_SDET_Automation_Test/virtualenv/lib/python3.12/site-packages/selenium/webdriver/remote/webelement.py\", line 231, in send_keys\n    self._execute(\n  File \"/Users/shayngmbp13/Desktop/Stuff/SwapCard_SDET_Automation_Test/virtualenv/lib/python3.12/site-packages/selenium/webdriver/remote/webelement.py\", line 395, in _execute\n    return self._parent.execute(command, params)\n           ^^^^^^^^^^^^^^^^^^^^^^^^^^^^^^^^^^^^^\n  File \"/Users/shayngmbp13/Desktop/Stuff/SwapCard_SDET_Automation_Test/virtualenv/lib/python3.12/site-packages/selenium/webdriver/remote/webdriver.py\", line 347, in execute\n    self.error_handler.check_response(response)\n  File \"/Users/shayngmbp13/Desktop/Stuff/SwapCard_SDET_Automation_Test/virtualenv/lib/python3.12/site-packages/selenium/webdriver/remote/errorhandler.py\", line 229, in check_response\n    raise exception_class(message, screen, stacktrace)\n"}, "start": 1754589999432, "stop": 1754590004397}], "parameters": [{"name": "book_name", "value": "'harry potter'"}, {"name": "max_price", "value": "4000"}, {"name": "min_rating", "value": "4.0"}], "start": 1754589999432, "stop": 1754590004411, "uuid": "d55d801b-ec50-4c7b-aef8-1e0601286959", "historyId": "55670f95a87125d283d36ded25c007f9", "testCaseId": "03078e93cff9f30193bac949ebfbc1a4", "fullName": "tests.test_google_shopping#test_google_shopping_rating", "labels": [{"name": "feature", "value": "Google Shopping Test"}, {"name": "story", "value": "Verify second product rating is above threshold"}, {"name": "parentSuite", "value": "tests"}, {"name": "suite", "value": "test_google_shopping"}, {"name": "host", "value": "Shays-MacBook-Pro-13.local"}, {"name": "thread", "value": "49526-MainThread"}, {"name": "framework", "value": "pytest"}, {"name": "language", "value": "cpython3"}, {"name": "package", "value": "tests.test_google_shopping"}]}