{"name": "test_google_shopping_rating[harry potter-4000-4.0]", "status": "broken", "statusDetails": {"message": "selenium.common.exceptions.TimeoutException: Message: \nStacktrace:\n0   chromedriver                        0x00000001049f3274 cxxbridge1$str$ptr + 2741972\n1   chromedriver                        0x00000001049eb1e4 cxxbridge1$str$ptr + 2709060\n2   chromedriver                        0x00000001045354fc cxxbridge1$string$len + 90520\n3   chromedriver                        0x000000010457ca14 cxxbridge1$string$len + 382640\n4   chromedriver                        0x00000001045bddb8 cxxbridge1$string$len + 649812\n5   chromedriver                        0x0000000104570d30 cxxbridge1$string$len + 334284\n6   chromedriver                        0x00000001049b6674 cxxbridge1$str$ptr + 2493140\n7   chromedriver                        0x00000001049b98a8 cxxbridge1$str$ptr + 2505992\n8   chromedriver                        0x00000001049974ac cxxbridge1$str$ptr + 2365708\n9   chromedriver                        0x00000001049ba164 cxxbridge1$str$ptr + 2508228\n10  chromedriver                        0x00000001049885a4 cxxbridge1$str$ptr + 2304516\n11  chromedriver                        0x00000001049d9c80 cxxbridge1$str$ptr + 2638048\n12  chromedriver                        0x00000001049d9e0c cxxbridge1$str$ptr + 2638444\n13  chromedriver                        0x00000001049eae30 cxxbridge1$str$ptr + 2708112\n14  libsystem_pthread.dylib             0x0000000195637fa8 _pthread_start + 148\n15  libsystem_pthread.dylib             0x0000000195632da0 thread_start + 8", "trace": "test_google_shopping.py:25: in test_google_shopping_rating\n    search_page.click_on_shopping_link()\n../pages/landing_page.py:24: in click_on_shopping_link\n    self.click(*self.link_shopping)\n../pages/base_page.py:19: in click\n    self.find(by, value).click()\n../pages/base_page.py:13: in find\n    return self.wait.until(EC.presence_of_element_located((by, value)))\n../virtualenv/lib/python3.12/site-packages/selenium/webdriver/support/wait.py:105: in until\n    raise TimeoutException(message, screen, stacktrace)\nE   selenium.common.exceptions.TimeoutException: Message: \nE   Stacktrace:\nE   0   chromedriver                        0x00000001049f3274 cxxbridge1$str$ptr + 2741972\nE   1   chromedriver                        0x00000001049eb1e4 cxxbridge1$str$ptr + 2709060\nE   2   chromedriver                        0x00000001045354fc cxxbridge1$string$len + 90520\nE   3   chromedriver                        0x000000010457ca14 cxxbridge1$string$len + 382640\nE   4   chromedriver                        0x00000001045bddb8 cxxbridge1$string$len + 649812\nE   5   chromedriver                        0x0000000104570d30 cxxbridge1$string$len + 334284\nE   6   chromedriver                        0x00000001049b6674 cxxbridge1$str$ptr + 2493140\nE   7   chromedriver                        0x00000001049b98a8 cxxbridge1$str$ptr + 2505992\nE   8   chromedriver                        0x00000001049974ac cxxbridge1$str$ptr + 2365708\nE   9   chromedriver                        0x00000001049ba164 cxxbridge1$str$ptr + 2508228\nE   10  chromedriver                        0x00000001049885a4 cxxbridge1$str$ptr + 2304516\nE   11  chromedriver                        0x00000001049d9c80 cxxbridge1$str$ptr + 2638048\nE   12  chromedriver                        0x00000001049d9e0c cxxbridge1$str$ptr + 2638444\nE   13  chromedriver                        0x00000001049eae30 cxxbridge1$str$ptr + 2708112\nE   14  libsystem_pthread.dylib             0x0000000195637fa8 _pthread_start + 148\nE   15  libsystem_pthread.dylib             0x0000000195632da0 thread_start + 8"}, "steps": [{"name": "Navigate to Google, type the book's name and search for the book", "status": "passed", "start": 1754590167179, "stop": 1754590178512}, {"name": "Click on shopping, sort results high to low and apply price filter", "status": "broken", "statusDetails": {"message": "selenium.common.exceptions.TimeoutException: Message: \nStacktrace:\n0   chromedriver                        0x00000001049f3274 cxxbridge1$str$ptr + 2741972\n1   chromedriver                        0x00000001049eb1e4 cxxbridge1$str$ptr + 2709060\n2   chromedriver                        0x00000001045354fc cxxbridge1$string$len + 90520\n3   chromedriver                        0x000000010457ca14 cxxbridge1$string$len + 382640\n4   chromedriver                        0x00000001045bddb8 cxxbridge1$string$len + 649812\n5   chromedriver                        0x0000000104570d30 cxxbridge1$string$len + 334284\n6   chromedriver                        0x00000001049b6674 cxxbridge1$str$ptr + 2493140\n7   chromedriver                        0x00000001049b98a8 cxxbridge1$str$ptr + 2505992\n8   chromedriver                        0x00000001049974ac cxxbridge1$str$ptr + 2365708\n9   chromedriver                        0x00000001049ba164 cxxbridge1$str$ptr + 2508228\n10  chromedriver                        0x00000001049885a4 cxxbridge1$str$ptr + 2304516\n11  chromedriver                        0x00000001049d9c80 cxxbridge1$str$ptr + 2638048\n12  chromedriver                        0x00000001049d9e0c cxxbridge1$str$ptr + 2638444\n13  chromedriver                        0x00000001049eae30 cxxbridge1$str$ptr + 2708112\n14  libsystem_pthread.dylib             0x0000000195637fa8 _pthread_start + 148\n15  libsystem_pthread.dylib             0x0000000195632da0 thread_start + 8\n\n", "trace": "  File \"/Users/shayngmbp13/Desktop/Stuff/SwapCard_SDET_Automation_Test/tests/test_google_shopping.py\", line 25, in test_google_shopping_rating\n    search_page.click_on_shopping_link()\n  File \"/Users/shayngmbp13/Desktop/Stuff/SwapCard_SDET_Automation_Test/pages/landing_page.py\", line 24, in click_on_shopping_link\n    self.click(*self.link_shopping)\n  File \"/Users/shayngmbp13/Desktop/Stuff/SwapCard_SDET_Automation_Test/pages/base_page.py\", line 19, in click\n    self.find(by, value).click()\n    ^^^^^^^^^^^^^^^^^^^^\n  File \"/Users/shayngmbp13/Desktop/Stuff/SwapCard_SDET_Automation_Test/pages/base_page.py\", line 13, in find\n    return self.wait.until(EC.presence_of_element_located((by, value)))\n           ^^^^^^^^^^^^^^^^^^^^^^^^^^^^^^^^^^^^^^^^^^^^^^^^^^^^^^^^^^^^\n  File \"/Users/shayngmbp13/Desktop/Stuff/SwapCard_SDET_Automation_Test/virtualenv/lib/python3.12/site-packages/selenium/webdriver/support/wait.py\", line 105, in until\n    raise TimeoutException(message, screen, stacktrace)\n"}, "start": 1754590178512, "stop": 1754590188843}], "parameters": [{"name": "book_name", "value": "'harry potter'"}, {"name": "max_price", "value": "4000"}, {"name": "min_rating", "value": "4.0"}], "start": 1754590167179, "stop": 1754590188854, "uuid": "efed31f7-caa7-425d-b0ec-ab18d557cdf0", "historyId": "55670f95a87125d283d36ded25c007f9", "testCaseId": "03078e93cff9f30193bac949ebfbc1a4", "fullName": "tests.test_google_shopping#test_google_shopping_rating", "labels": [{"name": "feature", "value": "Google Shopping Test"}, {"name": "story", "value": "Verify second product rating is above threshold"}, {"name": "parentSuite", "value": "tests"}, {"name": "suite", "value": "test_google_shopping"}, {"name": "host", "value": "Shays-MacBook-Pro-13.local"}, {"name": "thread", "value": "49747-MainThread"}, {"name": "framework", "value": "pytest"}, {"name": "language", "value": "cpython3"}, {"name": "package", "value": "tests.test_google_shopping"}]}