{"name": "test_google_shopping_rating[the alchemist-1000-4.0]", "status": "broken", "statusDetails": {"message": "selenium.common.exceptions.NoSuchElementException: Message: no such element: Unable to locate element: {\"method\":\"xpath\",\"selector\":\"//li[contains(@data-hveid,'CBYQJw')]//input[contains(@title,'Max')]\"}\n  (Session info: chrome=139.0.7258.67); For documentation on this error, please visit: https://www.selenium.dev/documentation/webdriver/troubleshooting/errors#no-such-element-exception\nStacktrace:\n0   chromedriver                        0x0000000102adb274 cxxbridge1$str$ptr + 2741972\n1   chromedriver                        0x0000000102ad31e4 cxxbridge1$str$ptr + 2709060\n2   chromedriver                        0x000000010261d4fc cxxbridge1$string$len + 90520\n3   chromedriver                        0x0000000102664a14 cxxbridge1$string$len + 382640\n4   chromedriver                        0x00000001026a5db8 cxxbridge1$string$len + 649812\n5   chromedriver                        0x0000000102658d30 cxxbridge1$string$len + 334284\n6   chromedriver                        0x0000000102a9e674 cxxbridge1$str$ptr + 2493140\n7   chromedriver                        0x0000000102aa18a8 cxxbridge1$str$ptr + 2505992\n8   chromedriver                        0x0000000102a7f4ac cxxbridge1$str$ptr + 2365708\n9   chromedriver                        0x0000000102aa2164 cxxbridge1$str$ptr + 2508228\n10  chromedriver                        0x0000000102a705a4 cxxbridge1$str$ptr + 2304516\n11  chromedriver                        0x0000000102ac1c80 cxxbridge1$str$ptr + 2638048\n12  chromedriver                        0x0000000102ac1e0c cxxbridge1$str$ptr + 2638444\n13  chromedriver                        0x0000000102ad2e30 cxxbridge1$str$ptr + 2708112\n14  libsystem_pthread.dylib             0x0000000195637fa8 _pthread_start + 148\n15  libsystem_pthread.dylib             0x0000000195632da0 thread_start + 8", "trace": "test_google_shopping.py:27: in test_google_shopping_rating\n    shopping_page.set_price_filter(max_price)\n../pages/shopping_results_page.py:54: in set_price_filter\n    self.scroll_to_locator(*self.textbox_max_price)\n../pages/base_page.py:36: in scroll_to_locator\n    element = self.driver.find_element(by, value)\n../virtualenv/lib/python3.12/site-packages/selenium/webdriver/remote/webdriver.py:741: in find_element\n    return self.execute(Command.FIND_ELEMENT, {\"using\": by, \"value\": value})[\"value\"]\n../virtualenv/lib/python3.12/site-packages/selenium/webdriver/remote/webdriver.py:347: in execute\n    self.error_handler.check_response(response)\n../virtualenv/lib/python3.12/site-packages/selenium/webdriver/remote/errorhandler.py:229: in check_response\n    raise exception_class(message, screen, stacktrace)\nE   selenium.common.exceptions.NoSuchElementException: Message: no such element: Unable to locate element: {\"method\":\"xpath\",\"selector\":\"//li[contains(@data-hveid,'CBYQJw')]//input[contains(@title,'Max')]\"}\nE     (Session info: chrome=139.0.7258.67); For documentation on this error, please visit: https://www.selenium.dev/documentation/webdriver/troubleshooting/errors#no-such-element-exception\nE   Stacktrace:\nE   0   chromedriver                        0x0000000102adb274 cxxbridge1$str$ptr + 2741972\nE   1   chromedriver                        0x0000000102ad31e4 cxxbridge1$str$ptr + 2709060\nE   2   chromedriver                        0x000000010261d4fc cxxbridge1$string$len + 90520\nE   3   chromedriver                        0x0000000102664a14 cxxbridge1$string$len + 382640\nE   4   chromedriver                        0x00000001026a5db8 cxxbridge1$string$len + 649812\nE   5   chromedriver                        0x0000000102658d30 cxxbridge1$string$len + 334284\nE   6   chromedriver                        0x0000000102a9e674 cxxbridge1$str$ptr + 2493140\nE   7   chromedriver                        0x0000000102aa18a8 cxxbridge1$str$ptr + 2505992\nE   8   chromedriver                        0x0000000102a7f4ac cxxbridge1$str$ptr + 2365708\nE   9   chromedriver                        0x0000000102aa2164 cxxbridge1$str$ptr + 2508228\nE   10  chromedriver                        0x0000000102a705a4 cxxbridge1$str$ptr + 2304516\nE   11  chromedriver                        0x0000000102ac1c80 cxxbridge1$str$ptr + 2638048\nE   12  chromedriver                        0x0000000102ac1e0c cxxbridge1$str$ptr + 2638444\nE   13  chromedriver                        0x0000000102ad2e30 cxxbridge1$str$ptr + 2708112\nE   14  libsystem_pthread.dylib             0x0000000195637fa8 _pthread_start + 148\nE   15  libsystem_pthread.dylib             0x0000000195632da0 thread_start + 8"}, "steps": [{"name": "Navigate to Google, type the book's name and search for the book", "status": "passed", "start": 1754578650705, "stop": 1754578661732}, {"name": "Click on shopping, sort results high to low and apply price filter", "status": "broken", "statusDetails": {"message": "selenium.common.exceptions.NoSuchElementException: Message: no such element: Unable to locate element: {\"method\":\"xpath\",\"selector\":\"//li[contains(@data-hveid,'CBYQJw')]//input[contains(@title,'Max')]\"}\n  (Session info: chrome=139.0.7258.67); For documentation on this error, please visit: https://www.selenium.dev/documentation/webdriver/troubleshooting/errors#no-such-element-exception\nStacktrace:\n0   chromedriver                        0x0000000102adb274 cxxbridge1$str$ptr + 2741972\n1   chromedriver                        0x0000000102ad31e4 cxxbridge1$str$ptr + 2709060\n2   chromedriver                        0x000000010261d4fc cxxbridge1$string$len + 90520\n3   chromedriver                        0x0000000102664a14 cxxbridge1$string$len + 382640\n4   chromedriver                        0x00000001026a5db8 cxxbridge1$string$len + 649812\n5   chromedriver                        0x0000000102658d30 cxxbridge1$string$len + 334284\n6   chromedriver                        0x0000000102a9e674 cxxbridge1$str$ptr + 2493140\n7   chromedriver                        0x0000000102aa18a8 cxxbridge1$str$ptr + 2505992\n8   chromedriver                        0x0000000102a7f4ac cxxbridge1$str$ptr + 2365708\n9   chromedriver                        0x0000000102aa2164 cxxbridge1$str$ptr + 2508228\n10  chromedriver                        0x0000000102a705a4 cxxbridge1$str$ptr + 2304516\n11  chromedriver                        0x0000000102ac1c80 cxxbridge1$str$ptr + 2638048\n12  chromedriver                        0x0000000102ac1e0c cxxbridge1$str$ptr + 2638444\n13  chromedriver                        0x0000000102ad2e30 cxxbridge1$str$ptr + 2708112\n14  libsystem_pthread.dylib             0x0000000195637fa8 _pthread_start + 148\n15  libsystem_pthread.dylib             0x0000000195632da0 thread_start + 8\n\n", "trace": "  File \"/Users/shayngmbp13/Desktop/Stuff/SwapCard_SDET_Automation_Test/tests/test_google_shopping.py\", line 27, in test_google_shopping_rating\n    shopping_page.set_price_filter(max_price)\n  File \"/Users/shayngmbp13/Desktop/Stuff/SwapCard_SDET_Automation_Test/pages/shopping_results_page.py\", line 54, in set_price_filter\n    self.scroll_to_locator(*self.textbox_max_price)\n  File \"/Users/shayngmbp13/Desktop/Stuff/SwapCard_SDET_Automation_Test/pages/base_page.py\", line 36, in scroll_to_locator\n    element = self.driver.find_element(by, value)\n              ^^^^^^^^^^^^^^^^^^^^^^^^^^^^^^^^^^^\n  File \"/Users/shayngmbp13/Desktop/Stuff/SwapCard_SDET_Automation_Test/virtualenv/lib/python3.12/site-packages/selenium/webdriver/remote/webdriver.py\", line 741, in find_element\n    return self.execute(Command.FIND_ELEMENT, {\"using\": by, \"value\": value})[\"value\"]\n           ^^^^^^^^^^^^^^^^^^^^^^^^^^^^^^^^^^^^^^^^^^^^^^^^^^^^^^^^^^^^^^^^^\n  File \"/Users/shayngmbp13/Desktop/Stuff/SwapCard_SDET_Automation_Test/virtualenv/lib/python3.12/site-packages/selenium/webdriver/remote/webdriver.py\", line 347, in execute\n    self.error_handler.check_response(response)\n  File \"/Users/shayngmbp13/Desktop/Stuff/SwapCard_SDET_Automation_Test/virtualenv/lib/python3.12/site-packages/selenium/webdriver/remote/errorhandler.py\", line 229, in check_response\n    raise exception_class(message, screen, stacktrace)\n"}, "start": 1754578661732, "stop": 1754578679431}], "parameters": [{"name": "book_name", "value": "'the alchemist'"}, {"name": "max_price", "value": "1000"}, {"name": "min_rating", "value": "4.0"}], "start": 1754578650705, "stop": 1754578679439, "uuid": "2462b74e-ba60-4f4b-9d08-67cc36917bb3", "historyId": "34675e754cb07726b18e8b6463b4d26f", "testCaseId": "03078e93cff9f30193bac949ebfbc1a4", "fullName": "tests.test_google_shopping#test_google_shopping_rating", "labels": [{"name": "feature", "value": "Google Shopping Test"}, {"name": "story", "value": "Verify second product rating is above threshold"}, {"name": "parentSuite", "value": "tests"}, {"name": "suite", "value": "test_google_shopping"}, {"name": "host", "value": "Shays-MacBook-Pro-13.local"}, {"name": "thread", "value": "44676-MainThread"}, {"name": "framework", "value": "pytest"}, {"name": "language", "value": "cpython3"}, {"name": "package", "value": "tests.test_google_shopping"}]}